Base path: C:/Program Files/Unity/Editor/Data
Cmd: getPlatforms
Cmd: compileSnippet
  api=8 type=0 insize=1014 outsize=1170 kw= pd=UNITY_NO_SCREENSPACE_SHADOWS UNITY_ENABLE_REFLECTION_BUFFERS UNITY_PBS_USE_BRDF1 UNITY_SPECCUBE_BOX_PROJECTION UNITY_SPECCUBE_BLENDING SHADER_API_MOBILE SHADER_API_DESKTOP UNITY_COLORSPACE_GAMMA ok=1
Cmd: disassembleShader
  api=13 insize=1170 outsize=2845 ok=1
Cmd: disassembleShader
  api=12 insize=116 outsize=151 ok=1
Cmd: compileSnippet
  api=1 type=0 insize=1015 outsize=656 kw= pd=UNITY_ENABLE_REFLECTION_BUFFERS UNITY_PBS_USE_BRDF1 UNITY_SPECCUBE_BOX_PROJECTION UNITY_SPECCUBE_BLENDING SHADER_API_DESKTOP UNITY_COLORSPACE_GAMMA ok=1
Cmd: disassembleShader
  api=10 insize=656 outsize=1179 ok=1
Cmd: compileSnippet
  api=8 type=0 insize=4414 outsize=2778 kw=POINT pd=UNITY_NO_SCREENSPACE_SHADOWS UNITY_ENABLE_REFLECTION_BUFFERS UNITY_PBS_USE_BRDF1 UNITY_SPECCUBE_BOX_PROJECTION UNITY_SPECCUBE_BLENDING SHADER_API_MOBILE SHADER_API_DESKTOP UNITY_COLORSPACE_GAMMA ok=1
Cmd: disassembleShader
  api=13 insize=2778 outsize=5587 ok=1
Cmd: disassembleShader
  api=13 insize=1926 outsize=4380 ok=1
Cmd: disassembleShader
  api=13 insize=1170 outsize=2845 ok=1
Cmd: disassembleShader
  api=14 insize=658 outsize=2001 ok=1
Cmd: disassembleShader
  api=14 insize=330 outsize=892 ok=1
Cmd: disassembleShader
  api=13 insize=3082 outsize=6032 ok=1
Cmd: disassembleShader
  api=14 insize=658 outsize=2001 ok=1
Cmd: disassembleShader
  api=17 insize=474 outsize=1222 ok=1
