Base path: C:/Program Files/Unity/Editor/Data
Cmd: getPlatforms
Cmd: disassembleShader
  api=13 insize=1170 outsize=2845 ok=1
Cmd: compileSnippet
  api=8 type=0 insize=4414 outsize=1926 kw= pd=UNITY_NO_SCREENSPACE_SHADOWS UNITY_ENABLE_REFLECTION_BUFFERS UNITY_PBS_USE_BRDF1 UNITY_SPECCUBE_BOX_PROJECTION UNITY_SPECCUBE_BLENDING SHADER_API_MOBILE SHADER_API_DESKTOP UNITY_COLORSPACE_GAMMA ok=1
Cmd: disassembleShader
  api=13 insize=1926 outsize=4380 ok=1
Cmd: disassembleShader
  api=9 insize=1592 outsize=2696 ok=1
Cmd: disassembleShader
  api=14 insize=658 outsize=2001 ok=1
Cmd: disassembleShader
  api=10 insize=656 outsize=1179 ok=1
Cmd: disassembleShader
  api=15 insize=2038 outsize=3257 ok=1
Cmd: disassembleShader
  api=9 insize=1016 outsize=1740 ok=1
Cmd: disassembleShader
  api=17 insize=474 outsize=1222 ok=1
Cmd: disassembleShader
  api=13 insize=1170 outsize=2845 ok=1
Cmd: disassembleShader
  api=9 insize=1412 outsize=2405 ok=1
Cmd: disassembleShader
  api=15 insize=1310 outsize=2420 ok=1
Cmd: disassembleShader
  api=11 insize=296 outsize=496 ok=1
