Base path: C:/Program Files/Unity/Editor/Data
Cmd: getPlatforms
Cmd: compileSnippet
  api=4 type=0 insize=1649 outsize=594 kw= pd=UNITY_ENABLE_REFLECTION_BUFFERS UNITY_PBS_USE_BRDF1 UNITY_SPECCUBE_BOX_PROJECTION UNITY_SPECCUBE_BLENDING SHADER_API_DESKTOP UNITY_COLORSPACE_GAMMA ok=1
Cmd: disassembleShader
  api=15 insize=594 outsize=1331 ok=1
Cmd: compileSnippet
  api=1 type=0 insize=1014 outsize=656 kw= pd=UNITY_ENABLE_REFLECTION_BUFFERS UNITY_PBS_USE_BRDF1 UNITY_SPECCUBE_BOX_PROJECTION UNITY_SPECCUBE_BLENDING SHADER_API_DESKTOP UNITY_COLORSPACE_GAMMA ok=1
Cmd: disassembleShader
  api=10 insize=656 outsize=1179 ok=1
Cmd: compileSnippet
  api=1 type=1 insize=4414 outsize=296 kw= pd=UNITY_ENABLE_REFLECTION_BUFFERS UNITY_PBS_USE_BRDF1 UNITY_SPECCUBE_BOX_PROJECTION UNITY_SPECCUBE_BLENDING SHADER_API_DESKTOP UNITY_COLORSPACE_GAMMA ok=1
Cmd: disassembleShader
  api=11 insize=296 outsize=496 ok=1
Cmd: disassembleShader
  api=13 insize=3082 outsize=6032 ok=1
Cmd: disassembleShader
  api=9 insize=1412 outsize=2405 ok=1
Cmd: disassembleShader
  api=11 insize=296 outsize=496 ok=1
Cmd: disassembleShader
  api=15 insize=1310 outsize=2420 ok=1
Cmd: disassembleShader
  api=14 insize=658 outsize=2001 ok=1
Cmd: disassembleShader
  api=13 insize=3082 outsize=6032 ok=1
Cmd: disassembleShader
  api=14 insize=658 outsize=2001 ok=1
