Base path: C:/Program Files/Unity/Editor/Data
Cmd: getPlatforms
Cmd: compileSnippet
  api=1 type=0 insize=1649 outsize=400 kw= pd=UNITY_ENABLE_REFLECTION_BUFFERS UNITY_PBS_USE_BRDF1 UNITY_SPECCUBE_BOX_PROJECTION UNITY_SPECCUBE_BLENDING SHADER_API_DESKTOP UNITY_COLORSPACE_GAMMA ok=1
Cmd: disassembleShader
  api=9 insize=400 outsize=665 ok=1
Cmd: disassembleShader
  api=14 insize=386 outsize=967 ok=1
Cmd: disassembleShader
  api=15 insize=790 outsize=1567 ok=1
Cmd: disassembleShader
  api=17 insize=474 outsize=1222 ok=1
Cmd: disassembleShader
  api=9 insize=1412 outsize=2405 ok=1
Cmd: disassembleShader
  api=15 insize=790 outsize=1567 ok=1
Cmd: disassembleShader
  api=9 insize=1592 outsize=2696 ok=1
Cmd: disassembleShader
  api=11 insize=296 outsize=496 ok=1
Cmd: disassembleShader
  api=15 insize=1310 outsize=2420 ok=1
Cmd: disassembleShader
  api=11 insize=296 outsize=496 ok=1
Cmd: disassembleShader
  api=9 insize=1592 outsize=2696 ok=1
Cmd: disassembleShader
  api=14 insize=658 outsize=2001 ok=1
Cmd: disassembleShader
  api=9 insize=1412 outsize=2405 ok=1
