Base path: C:/Program Files/Unity/Editor/Data
Cmd: getPlatforms
Cmd: disassembleShader
  api=17 insize=250 outsize=761 ok=1
Cmd: disassembleShader
  api=15 insize=594 outsize=1331 ok=1
Cmd: compileSnippet
  api=4 type=0 insize=4414 outsize=1858 kw=POINT pd=UNITY_ENABLE_REFLECTION_BUFFERS UNITY_PBS_USE_BRDF1 UNITY_SPECCUBE_BOX_PROJECTION UNITY_SPECCUBE_BLENDING SHADER_API_DESKTOP UNITY_COLORSPACE_GAMMA ok=1
Cmd: disassembleShader
  api=15 insize=1858 outsize=3058 ok=1
Cmd: compileSnippet
  api=1 type=1 insize=4414 outsize=296 kw=SPOT pd=UNITY_ENABLE_REFLECTION_BUFFERS UNITY_PBS_USE_BRDF1 UNITY_SPECCUBE_BOX_PROJECTION UNITY_SPECCUBE_BLENDING SHADER_API_DESKTOP UNITY_COLORSPACE_GAMMA ok=1
Cmd: disassembleShader
  api=11 insize=296 outsize=496 ok=1
Cmd: disassembleShader
  api=15 insize=1858 outsize=3058 ok=1
Cmd: disassembleShader
  api=14 insize=658 outsize=2001 ok=1
Cmd: disassembleShader
  api=15 insize=1310 outsize=2420 ok=1
Cmd: disassembleShader
  api=17 insize=474 outsize=1222 ok=1
Cmd: disassembleShader
  api=15 insize=1858 outsize=3058 ok=1
Cmd: disassembleShader
  api=14 insize=658 outsize=2001 ok=1
Cmd: disassembleShader
  api=13 insize=2778 outsize=5587 ok=1
Cmd: disassembleShader
  api=15 insize=2038 outsize=3257 ok=1
