Base path: C:/Program Files/Unity/Editor/Data
Cmd: getPlatforms
Cmd: compileSnippet
  api=1 type=1 insize=1649 outsize=140 kw= pd=UNITY_ENABLE_REFLECTION_BUFFERS UNITY_PBS_USE_BRDF1 UNITY_SPECCUBE_BOX_PROJECTION UNITY_SPECCUBE_BLENDING SHADER_API_DESKTOP UNITY_COLORSPACE_GAMMA ok=1
Cmd: disassembleShader
  api=11 insize=140 outsize=175 ok=1
Cmd: disassembleShader
  api=14 insize=330 outsize=892 ok=1
Cmd: compileSnippet
  api=1 type=0 insize=4414 outsize=1016 kw= pd=UNITY_ENABLE_REFLECTION_BUFFERS UNITY_PBS_USE_BRDF1 UNITY_SPECCUBE_BOX_PROJECTION UNITY_SPECCUBE_BLENDING SHADER_API_DESKTOP UNITY_COLORSPACE_GAMMA ok=1
Cmd: disassembleShader
  api=9 insize=1016 outsize=1740 ok=1
Cmd: compileSnippet
  api=8 type=1 insize=4414 outsize=658 kw= pd=UNITY_NO_SCREENSPACE_SHADOWS UNITY_ENABLE_REFLECTION_BUFFERS UNITY_PBS_USE_BRDF1 UNITY_SPECCUBE_BOX_PROJECTION UNITY_SPECCUBE_BLENDING SHADER_API_MOBILE SHADER_API_DESKTOP UNITY_COLORSPACE_GAMMA ok=1
Cmd: disassembleShader
  api=14 insize=658 outsize=2001 ok=1
Cmd: disassembleShader
  api=11 insize=296 outsize=496 ok=1
Cmd: disassembleShader
  api=12 insize=116 outsize=151 ok=1
Cmd: disassembleShader
  api=11 insize=296 outsize=496 ok=1
Cmd: disassembleShader
  api=17 insize=474 outsize=1222 ok=1
Cmd: disassembleShader
  api=17 insize=250 outsize=761 ok=1
Cmd: disassembleShader
  api=11 insize=296 outsize=496 ok=1
Cmd: disassembleShader
  api=17 insize=474 outsize=1222 ok=1
