Base path: C:/Program Files/Unity/Editor/Data
Cmd: getPlatforms
Cmd: compileSnippet
  api=8 type=0 insize=1649 outsize=862 kw= pd=UNITY_NO_SCREENSPACE_SHADOWS UNITY_ENABLE_REFLECTION_BUFFERS UNITY_PBS_USE_BRDF1 UNITY_SPECCUBE_BOX_PROJECTION UNITY_SPECCUBE_BLENDING SHADER_API_MOBILE SHADER_API_DESKTOP UNITY_COLORSPACE_GAMMA ok=1
Cmd: disassembleShader
  api=13 insize=862 outsize=2306 ok=1
Cmd: compileSnippet
  api=1 type=1 insize=1014 outsize=116 kw= pd=UNITY_ENABLE_REFLECTION_BUFFERS UNITY_PBS_USE_BRDF1 UNITY_SPECCUBE_BOX_PROJECTION UNITY_SPECCUBE_BLENDING SHADER_API_DESKTOP UNITY_COLORSPACE_GAMMA ok=1
Cmd: disassembleShader
  api=12 insize=116 outsize=151 ok=1
Cmd: disassembleShader
  api=11 insize=140 outsize=175 ok=1
Cmd: disassembleShader
  api=17 insize=250 outsize=761 ok=1
Cmd: compileSnippet
  api=1 type=1 insize=1015 outsize=116 kw= pd=UNITY_ENABLE_REFLECTION_BUFFERS UNITY_PBS_USE_BRDF1 UNITY_SPECCUBE_BOX_PROJECTION UNITY_SPECCUBE_BLENDING SHADER_API_DESKTOP UNITY_COLORSPACE_GAMMA ok=1
Cmd: disassembleShader
  api=12 insize=116 outsize=151 ok=1
Cmd: compileSnippet
  api=1 type=0 insize=4414 outsize=1412 kw=POINT pd=UNITY_ENABLE_REFLECTION_BUFFERS UNITY_PBS_USE_BRDF1 UNITY_SPECCUBE_BOX_PROJECTION UNITY_SPECCUBE_BLENDING SHADER_API_DESKTOP UNITY_COLORSPACE_GAMMA ok=1
Cmd: disassembleShader
  api=9 insize=1412 outsize=2405 ok=1
Cmd: compileSnippet
  api=1 type=1 insize=4414 outsize=296 kw=POINT pd=UNITY_ENABLE_REFLECTION_BUFFERS UNITY_PBS_USE_BRDF1 UNITY_SPECCUBE_BOX_PROJECTION UNITY_SPECCUBE_BLENDING SHADER_API_DESKTOP UNITY_COLORSPACE_GAMMA ok=1
Cmd: disassembleShader
  api=11 insize=296 outsize=496 ok=1
Cmd: disassembleShader
  api=13 insize=2778 outsize=5587 ok=1
Cmd: disassembleShader
  api=17 insize=474 outsize=1222 ok=1
Cmd: disassembleShader
  api=17 insize=250 outsize=761 ok=1
Cmd: disassembleShader
  api=13 insize=3082 outsize=6032 ok=1
Cmd: disassembleShader
  api=17 insize=474 outsize=1222 ok=1
Cmd: disassembleShader
  api=9 insize=1592 outsize=2696 ok=1
Cmd: disassembleShader
  api=11 insize=296 outsize=496 ok=1
Cmd: disassembleShader
  api=15 insize=790 outsize=1567 ok=1
Cmd: disassembleShader
  api=11 insize=296 outsize=496 ok=1
Cmd: disassembleShader
  api=9 insize=1592 outsize=2696 ok=1
